[debug] [2023-10-26T22:15:10.800Z] ----------------------------------------------------------------------
[debug] [2023-10-26T22:15:10.802Z] Command:       C:\Program Files\nodejs\node.exe C:\Users\philg\AppData\Roaming\npm\node_modules\firebase-tools\lib\bin\firebase.js init
[debug] [2023-10-26T22:15:10.802Z] CLI Version:   12.7.0
[debug] [2023-10-26T22:15:10.803Z] Platform:      win32
[debug] [2023-10-26T22:15:10.803Z] Node Version:  v18.12.0
[debug] [2023-10-26T22:15:10.803Z] Time:          Fri Oct 27 2023 00:15:10 GMT+0200 (Mitteleuropäische Sommerzeit)
[debug] [2023-10-26T22:15:10.803Z] ----------------------------------------------------------------------
[debug] 
[debug] [2023-10-26T22:15:10.805Z] >>> [apiv2][query] GET https://firebase-public.firebaseio.com/cli.json [none]
[debug] [2023-10-26T22:15:10.832Z] > command requires scopes: ["email","openid","https://www.googleapis.com/auth/cloudplatformprojects.readonly","https://www.googleapis.com/auth/firebase","https://www.googleapis.com/auth/cloud-platform"]
[debug] [2023-10-26T22:15:10.832Z] > authorizing via signed-in user (cbuystudio@gmail.com)
[info] 
     ######## #### ########  ######## ########     ###     ######  ########
     ##        ##  ##     ## ##       ##     ##  ##   ##  ##       ##
     ######    ##  ########  ######   ########  #########  ######  ######
     ##        ##  ##    ##  ##       ##     ## ##     ##       ## ##
     ##       #### ##     ## ######## ########  ##     ##  ######  ########

You're about to initialize a Firebase project in this directory:

  C:\prog\WebDev\portfolio

Before we get started, keep in mind:

  * You are currently outside your home directory

[debug] [2023-10-26T22:15:11.531Z] <<< [apiv2][status] GET https://firebase-public.firebaseio.com/cli.json 200
[debug] [2023-10-26T22:15:11.531Z] <<< [apiv2][body] GET https://firebase-public.firebaseio.com/cli.json {"cloudBuildErrorAfter":1594252800000,"cloudBuildWarnAfter":1590019200000,"defaultNode10After":1594252800000,"minVersion":"3.0.5","node8DeploysDisabledAfter":1613390400000,"node8RuntimeDisabledAfter":1615809600000,"node8WarnAfter":1600128000000}
